<?xml version="1.0" encoding="UTF-8"?>
<!-- Generated by org.testng.reporters.JUnitReportReporter -->
<testsuite skipped="0" hostname="Murgesh" name="com.crm.amazonToysTest.ToysTest" tests="1" failures="0" timestamp="08 Jun 2022 16:54:47 GMT" time="11.633" errors="0">
  <testcase name="serachToys" time="11.633" classname="com.crm.amazonToysTest.ToysTest"/>
</testsuite> <!-- com.crm.amazonToysTest.ToysTest -->
